This is pdfTeX, Version 3.14159265-2.6-1.40.20 (TeX Live 2019/W32TeX) (preloaded format=pdflatex 2020.2.5)  14 MAY 2022 12:46
entering extended mode
 restricted \write18 enabled.
 %&-line parsing enabled.
**final-project-paper.tex
(./final-project-paper.tex
LaTeX2e <2020-02-02>
L3 programming layer <2020-02-03>

! LaTeX Error: File `elsarticle.cls' not found.

Type X to quit or <RETURN> to proceed,
or enter new name. (Default extension: cls)

Enter file name: 
! Emergency stop.
<read *> 
         
l.4 ^^M
        
Here is how much of TeX's memory you used:
 22 strings out of 483167
 520 string characters out of 5963456
 231305 words of memory out of 5000000
 15141 multiletter control sequences out of 15000+600000
 532338 words of font info for 24 fonts, out of 8000000 for 9000
 14 hyphenation exceptions out of 8191
 14i,0n,17p,97b,10s stack positions out of 5000i,500n,10000p,200000b,80000s

!  ==> Fatal error occurred, no output PDF file produced!
